<?xml version="1.0" encoding="UTF-8"?>
<!-- Generated by org.testng.reporters.JUnitXMLReporter -->
<testsuite hostname="DESKTOP-7PT4AIA" ignored="0" name="Test" tests="3" failures="1" timestamp="28 May 2018 16:59:24 GMT" time="22.66" errors="0">
  <testcase name="getTitle" time="15.605" classname="com.naniTech.testAutomationSelenium.TestNG_titles"/>
  <testcase name="appStarted" time="0.008" classname="com.naniTech.testAutomationSelenium.TestNG_titles">
    <failure type="java.lang.AssertionError" message="expected [true] but found [false]">
      <![CDATA[java.lang.AssertionError: expected [true] but found [false]
at com.naniTech.testAutomationSelenium.TestNG_titles.appStarted(TestNG_titles.java:38)
... Removed 29 stack frames]]>
    </failure>
  </testcase> <!-- appStarted -->
  <testcase name="appRunning" time="0.0" classname="com.naniTech.testAutomationSelenium.TestNG_titles">
    <skipped/>
  </testcase> <!-- appRunning -->
</testsuite> <!-- Test -->
